In file included from ../src/bufferutil.cc:7:
In file included from /Users/zhiqiang/.node-gyp/10.15.1/include/node/v8.h:19:
In file included from /Applications/Xcode.app/Contents/Developer/Toolchains/XcodeDefault.xctoolchain/usr/include/c++/v1/stdint.h:119:
In file included from /usr/local/include/stdint.h:82:
In file included from /Applications/Xcode.app/Contents/Developer/Toolchains/XcodeDefault.xctoolchain/usr/include/c++/v1/inttypes.h:247:
In file included from /Applications/Xcode.app/Contents/Developer/Toolchains/XcodeDefault.xctoolchain/usr/lib/clang/10.0.0/include/inttypes.h:30:
/usr/include/inttypes.h:235:8: error: unknown type name 'intmax_t'
extern intmax_t
       ^
/usr/include/inttypes.h:236:9: error: unknown type name 'intmax_t'
imaxabs(intmax_t j);
        ^
/usr/include/inttypes.h:240:2: error: unknown type name 'intmax_t'
        intmax_t quot;
        ^
/usr/include/inttypes.h:241:2: error: unknown type name 'intmax_t'
        intmax_t rem;
        ^
/usr/include/inttypes.h:246:9: error: unknown type name 'intmax_t'
imaxdiv(intmax_t __numer, intmax_t __denom);
        ^
/usr/include/inttypes.h:246:27: error: unknown type name 'intmax_t'
imaxdiv(intmax_t __numer, intmax_t __denom);
                          ^
/usr/include/inttypes.h:250:8: error: unknown type name 'intmax_t'
extern intmax_t
       ^
/usr/include/inttypes.h:256:8: error: unknown type name 'uintmax_t'; did you mean 'uintptr_t'?
extern uintmax_t
       ^
/usr/include/sys/_types/_uintptr_t.h:30:24: note: 'uintptr_t' declared here
typedef unsigned long           uintptr_t;
                                ^
In file included from ../src/bufferutil.cc:7:
In file included from /Users/zhiqiang/.node-gyp/10.15.1/include/node/v8.h:19:
In file included from /Applications/Xcode.app/Contents/Developer/Toolchains/XcodeDefault.xctoolchain/usr/include/c++/v1/stdint.h:119:
In file included from /usr/local/include/stdint.h:82:
In file included from /Applications/Xcode.app/Contents/Developer/Toolchains/XcodeDefault.xctoolchain/usr/include/c++/v1/inttypes.h:247:
In file included from /Applications/Xcode.app/Contents/Developer/Toolchains/XcodeDefault.xctoolchain/usr/lib/clang/10.0.0/include/inttypes.h:30:
/usr/include/inttypes.h:263:8: error: unknown type name 'intmax_t'
extern intmax_t
       ^
/usr/include/inttypes.h:269:8: error: unknown type name 'uintmax_t'; did you mean 'uintptr_t'?
extern uintmax_t
       ^
/usr/include/sys/_types/_uintptr_t.h:30:24: note: 'uintptr_t' declared here
typedef unsigned long           uintptr_t;
                                ^
In file included from ../src/bufferutil.cc:7:
In file included from /Users/zhiqiang/.node-gyp/10.15.1/include/node/v8.h:21:
In file included from /Applications/Xcode.app/Contents/Developer/Toolchains/XcodeDefault.xctoolchain/usr/include/c++/v1/memory:653:
In file included from /Applications/Xcode.app/Contents/Developer/Toolchains/XcodeDefault.xctoolchain/usr/include/c++/v1/typeinfo:61:
In file included from /Applications/Xcode.app/Contents/Developer/Toolchains/XcodeDefault.xctoolchain/usr/include/c++/v1/exception:82:
In file included from /Applications/Xcode.app/Contents/Developer/Toolchains/XcodeDefault.xctoolchain/usr/include/c++/v1/cstdlib:86:
In file included from /Applications/Xcode.app/Contents/Developer/Toolchains/XcodeDefault.xctoolchain/usr/include/c++/v1/stdlib.h:94:
In file included from /usr/include/stdlib.h:65:
In file included from /usr/include/sys/wait.h:110:
/usr/include/sys/resource.h:197:2: error: unknown type name 'uint64_t'
        uint64_t ri_user_time;
        ^
/usr/include/sys/resource.h:198:2: error: unknown type name 'uint64_t'
        uint64_t ri_system_time;
        ^
/usr/include/sys/resource.h:199:2: error: unknown type name 'uint64_t'
        uint64_t ri_pkg_idle_wkups;
        ^
/usr/include/sys/resource.h:200:2: error: unknown type name 'uint64_t'
        uint64_t ri_interrupt_wkups;
        ^
/usr/include/sys/resource.h:201:2: error: unknown type name 'uint64_t'
        uint64_t ri_pageins;
        ^
/usr/include/sys/resource.h:202:2: error: unknown type name 'uint64_t'
        uint64_t ri_wired_size;
        ^
/usr/include/sys/resource.h:203:2: error: unknown type name 'uint64_t'
        uint64_t ri_resident_size;
        ^
/usr/include/sys/resource.h:204:2: error: unknown type name 'uint64_t'
        uint64_t ri_phys_footprint;
        ^
/usr/include/sys/resource.h:205:2: error: unknown type name 'uint64_t'
        uint64_t ri_proc_start_abstime;
        ^
fatal error: too many errors emitted, stopping now [-ferror-limit=]
20 errors generated.
make: *** [Release/obj.target/bufferutil/src/bufferutil.o] Error 1
gyp ERR! build error 
gyp ERR! stack Error: `make` failed with exit code: 2
gyp ERR! stack     at ChildProcess.onExit (/usr/local/lib/node_modules/npm/node_modules/node-gyp/lib/build.js:262:23)
gyp ERR! stack     at ChildProcess.emit (events.js:189:13)
gyp ERR! stack     at Process.ChildProcess._handle.onexit (internal/child_process.js:248:12)
gyp ERR! System Darwin 17.7.0
gyp ERR! command "/usr/local/bin/node" "/usr/local/lib/node_modules/npm/node_modules/node-gyp/bin/node-gyp.js" "rebuild"
gyp ERR! cwd /Users/zhiqiang/Downloads/HiCat-master/node_modules/ws
gyp ERR! node -v v10.15.1
gyp ERR! node-gyp -v v3.8.0
gyp ERR! not ok 
